Arguments: 
  C:\Program Files\nodejs\node.exe C:\Users\DELL\AppData\Roaming\npm\node_modules\yarn\bin\yarn.js init

PATH: 
  C:\Users\DELL\bin;C:\Program Files\Git\mingw64\bin;C:\Program Files\Git\usr\local\bin;C:\Program Files\Git\usr\bin;C:\Program Files\Git\usr\bin;C:\Program Files\Git\mingw64\bin;C:\Program Files\Git\usr\bin;C:\Users\DELL\bin;C:\Program Files (x86)\Common Files\Oracle\Java\javapath;C:\Python310\Scripts;C:\Python310;C:\WINDOWS\system32;C:\WINDOWS;C:\WINDOWS\System32\Wbem;C:\WINDOWS\System32\WindowsPowerShell\v1.0;C:\WINDOWS\System32\OpenSSH;C:\Program Files\Git\cmd;C:\Program Files\Docker\Docker\resources\bin;C:\ProgramData\DockerDesktop\version-bin;C:\Program Files\nodejs;C:\ProgramData\chocolatey\bin;C:\MinGW\bin;C:\Program Files\Microsoft SQL Server\Client SDK\ODBC\170\Tools\Binn;C:\Program Files (x86)\Microsoft SQL Server\150\Tools\Binn;C:\Program Files\Microsoft SQL Server\150\Tools\Binn;C:\Program Files\Microsoft SQL Server\150\DTS\Binn;C:\Program Files (x86)\Microsoft SQL Server\150\DTS\Binn;C:\Program Files\MATLAB\MATLAB Production Server\R2015a\runtime\win64;C:\Program Files\MATLAB\MATLAB Production Server\R2015a\bin;C:\Program Files\MATLAB\MATLAB Production Server\R2015a\polyspace\bin;C:\xampp\php\php.exe;C:\xampp\php;C:\ProgramData\ComposerSetup\bin;C:\Program Files\Amazon\AWSCLIV2;C:\Ruby31-x64\bin;C:\Users\DELL\AppData\Local\Programs\Python\Python310\Scripts;C:\Users\DELL\AppData\Local\Programs\Python\Python310;C:\Program Files\MySQL\MySQL Shell 8.0\bin;C:\Users\DELL\AppData\Local\Microsoft\WindowsApps;C:\Users\DELL\AppData\Local\GitHubDesktop\bin;C:\Program Files\JetBrains\PyCharm Community Edition 2021.1.2\bin;C:\Users\DELL\AppData\Local\Programs\Microsoft VS Code\bin;C:\Users\DELL\AppData\Roaming\npm;C:\Program Files\Azure Data Studio\bin;C:\Program Files\heroku\bin;C:\Users\DELL\AppData\Roaming\Composer\vendor\bin;C:\xampp\php\php.exe;C:\Program Files\Git\usr\bin\vendor_perl;C:\Program Files\Git\usr\bin\core_perl

Yarn version: 
  1.22.17

Node version: 
  16.13.0

Platform: 
  win32 x64

Trace: 
  Error: Can't answer a question unless a user TTY
      at ConsoleReporter.question (C:\Users\DELL\AppData\Roaming\npm\node_modules\yarn\lib\cli.js:96935:59)
      at Object.<anonymous> (C:\Users\DELL\AppData\Roaming\npm\node_modules\yarn\lib\cli.js:89125:38)
      at Generator.next (<anonymous>)
      at step (C:\Users\DELL\AppData\Roaming\npm\node_modules\yarn\lib\cli.js:310:30)
      at C:\Users\DELL\AppData\Roaming\npm\node_modules\yarn\lib\cli.js:321:13

npm manifest: 
  No manifest

yarn manifest: 
  No manifest

Lockfile: 
  No lockfile
